<?xml version="1.0" encoding="UTF-8"?>
<!-- Generated by org.testng.reporters.JUnitXMLReporter -->
<testsuite ignored="2" hostname="DESKTOP-GLKVRGN" failures="0" tests="1" name="Default test" time="11.246" errors="0" timestamp="2024-07-11T19:30:57 IST">
  <testcase classname="com.sevenrmatrtsupermarket.tests.AdminTest" name="adminUserNameSearch" time="2.526"/>
  <testcase classname="com.sevenrmatrtsupermarket.tests.AdminTest" name="verifyNewAdminUserCreation" time="0.0">
    <ignored/>
  </testcase> <!-- verifyNewAdminUserCreation -->
  <testcase classname="com.sevenrmatrtsupermarket.tests.AdminTest" name="verifyAdminUserHeader" time="0.0">
    <ignored/>
  </testcase> <!-- verifyAdminUserHeader -->
</testsuite> <!-- Default test -->
