<?xml version="1.0" encoding="UTF-8"?>
<testng-results ignored="0" total="1" passed="1" failed="0" skipped="0">
  <reporter-output>
  </reporter-output>
  <suite started-at="2024-07-10T13:35:38 IST" name="Default suite" finished-at="2024-07-10T13:36:00 IST" duration-ms="22482">
    <groups>
    </groups>
    <test started-at="2024-07-10T13:35:38 IST" name="Default test" finished-at="2024-07-10T13:36:00 IST" duration-ms="22482">
      <class name="com.sevenrmatrtsupermarket.tests.AdminTest">
        <test-method is-config="true" signature="launchBrowser()[pri:0, instance:com.sevenrmatrtsupermarket.tests.AdminTest@6be968ce]" started-at="2024-07-10T13:35:38 IST" name="launchBrowser" finished-at="2024-07-10T13:35:52 IST" duration-ms="14493" status="PASS">
          <reporter-output>
          </reporter-output>
        </test-method> <!-- launchBrowser -->
        <test-method signature="verifyNewAdminUserCreation()[pri:0, instance:com.sevenrmatrtsupermarket.tests.AdminTest@6be968ce]" started-at="2024-07-10T13:35:52 IST" name="verifyNewAdminUserCreation" finished-at="2024-07-10T13:35:59 IST" duration-ms="6626" status="PASS">
          <reporter-output>
          </reporter-output>
        </test-method> <!-- verifyNewAdminUserCreation -->
        <test-method is-config="true" signature="terminateBrowser(org.testng.ITestResult)[pri:0, instance:com.sevenrmatrtsupermarket.tests.AdminTest@6be968ce]" started-at="2024-07-10T13:35:59 IST" name="terminateBrowser" finished-at="2024-07-10T13:36:00 IST" duration-ms="1296" status="PASS">
          <params>
            <param index="0">
              <value>
                <![CDATA[[TestResult name=verifyNewAdminUserCreation status=SUCCESS method=AdminTest.verifyNewAdminUserCreation()[pri:0, instance:com.sevenrmatrtsupermarket.tests.AdminTest@6be968ce] output={null}]]]>
              </value>
            </param>
          </params>
          <reporter-output>
          </reporter-output>
        </test-method> <!-- terminateBrowser -->
      </class> <!-- com.sevenrmatrtsupermarket.tests.AdminTest -->
    </test> <!-- Default test -->
  </suite> <!-- Default suite -->
</testng-results>
