<?xml version="1.0" encoding="UTF-8"?>
<testng-results ignored="0" total="1" passed="1" failed="0" skipped="0">
  <reporter-output>
  </reporter-output>
  <suite started-at="2024-07-11T19:30:46 IST" name="Default suite" finished-at="2024-07-11T19:30:57 IST" duration-ms="11246">
    <groups>
    </groups>
    <test started-at="2024-07-11T19:30:46 IST" name="Default test" finished-at="2024-07-11T19:30:57 IST" duration-ms="11246">
      <class name="com.sevenrmatrtsupermarket.tests.AdminTest">
        <test-method is-config="true" signature="launchBrowser()[pri:0, instance:com.sevenrmatrtsupermarket.tests.AdminTest@303cf2ba]" started-at="2024-07-11T19:30:46 IST" name="launchBrowser" finished-at="2024-07-11T19:30:54 IST" duration-ms="8444" status="PASS">
          <reporter-output>
          </reporter-output>
        </test-method> <!-- launchBrowser -->
        <test-method signature="adminUserNameSearch()[pri:0, instance:com.sevenrmatrtsupermarket.tests.AdminTest@303cf2ba]" started-at="2024-07-11T19:30:54 IST" name="adminUserNameSearch" finished-at="2024-07-11T19:30:57 IST" duration-ms="2526" status="PASS">
          <reporter-output>
          </reporter-output>
        </test-method> <!-- adminUserNameSearch -->
        <test-method is-config="true" signature="terminateBrowser(org.testng.ITestResult)[pri:0, instance:com.sevenrmatrtsupermarket.tests.AdminTest@303cf2ba]" started-at="2024-07-11T19:30:57 IST" name="terminateBrowser" finished-at="2024-07-11T19:30:57 IST" duration-ms="189" status="PASS">
          <params>
            <param index="0">
              <value>
                <![CDATA[[TestResult name=adminUserNameSearch status=SUCCESS method=AdminTest.adminUserNameSearch()[pri:0, instance:com.sevenrmatrtsupermarket.tests.AdminTest@303cf2ba] output={null}]]]>
              </value>
            </param>
          </params>
          <reporter-output>
          </reporter-output>
        </test-method> <!-- terminateBrowser -->
      </class> <!-- com.sevenrmatrtsupermarket.tests.AdminTest -->
    </test> <!-- Default test -->
  </suite> <!-- Default suite -->
</testng-results>
