<?xml version="1.0" encoding="UTF-8"?>
<!-- Generated by org.testng.reporters.JUnitXMLReporter -->
<testsuite ignored="0" hostname="DESKTOP-GLKVRGN" failures="0" tests="2" name="EdgeBrowser" time="86.284" errors="0" timestamp="2024-07-10T07:45:37 IST">
  <testcase classname="com.sevenrmatrtsupermarket.tests.HomePageTest" name="verifyDasBoardCardsClickable" time="3.174"/>
  <testcase classname="com.sevenrmatrtsupermarket.tests.HomePageTest" name="verifyDashBoardCardsCategory" time="2.765"/>
</testsuite> <!-- EdgeBrowser -->
