<?xml version="1.0" encoding="UTF-8"?>
<!-- Generated by org.testng.reporters.JUnitXMLReporter -->
<testsuite ignored="0" hostname="DESKTOP-GLKVRGN" failures="0" tests="2" name="FirefoxBrowser" time="27.812" errors="0" timestamp="2024-07-10T07:44:38 IST">
  <testcase classname="com.sevenrmatrtsupermarket.tests.HomePageTest" name="verifyDasBoardCardsClickable" time="0.0">
    <skipped/>
  </testcase> <!-- verifyDasBoardCardsClickable -->
  <testcase classname="com.sevenrmatrtsupermarket.tests.HomePageTest" name="verifyDashBoardCardsCategory" time="0.0">
    <skipped/>
  </testcase> <!-- verifyDashBoardCardsCategory -->
</testsuite> <!-- FirefoxBrowser -->
