<?xml version="1.0" encoding="UTF-8"?>
<!-- Generated by org.testng.reporters.JUnitXMLReporter -->
<testsuite ignored="0" hostname="DESKTOP-GLKVRGN" failures="0" tests="2" name="hometest" time="51.493" errors="0" timestamp="2024-07-09T07:55:57 IST">
  <testcase classname="com.sevenrmatrtsupermarket.tests.HomePageTest" name="verifyDasBoardCardsClickable" time="2.475"/>
  <testcase classname="com.sevenrmatrtsupermarket.tests.HomePageTest" name="verifyDashBoardCardsCategory" time="3.7"/>
</testsuite> <!-- hometest -->
