<?xml version="1.0" encoding="UTF-8"?>
<!-- Generated by org.testng.reporters.JUnitXMLReporter -->
<testsuite ignored="0" hostname="DESKTOP-GLKVRGN" failures="0" tests="3" name="logintest" time="68.459" errors="0" timestamp="2024-07-09T07:56:13 IST">
  <testcase classname="com.sevenrmatrtsupermarket.tests.LoginTest" name="dataRead" time="2.404"/>
  <testcase classname="com.sevenrmatrtsupermarket.tests.LoginTest" name="verifyLogin" time="2.175"/>
  <testcase classname="com.sevenrmatrtsupermarket.tests.LoginTest" name="verifyLoginDetail" time="4.532"/>
</testsuite> <!-- logintest -->
