<?xml version="1.0" encoding="UTF-8"?>
<!-- Generated by org.testng.reporters.JUnitXMLReporter -->
<testsuite ignored="1" hostname="DESKTOP-GLKVRGN" failures="0" tests="3" name="smoke" time="35.364" errors="0" timestamp="2024-07-10T12:06:27 IST">
  <testcase classname="com.sevenrmatrtsupermarket.tests.LoginTest" name="dataRead" time="0.95"/>
  <testcase classname="com.sevenrmatrtsupermarket.tests.LoginTest" name="verifyLogin" time="3.124"/>
  <testcase classname="com.sevenrmatrtsupermarket.tests.HomePageTest" name="verifyDashBoardCardsCategory" time="1.726"/>
  <testcase classname="com.sevenrmatrtsupermarket.tests.HomePageTest" name="verifyDasBoardCardsClickable" time="0.0">
    <ignored/>
  </testcase> <!-- verifyDasBoardCardsClickable -->
</testsuite> <!-- smoke -->
