<?xml version="1.0" encoding="UTF-8"?>
<!-- Generated by org.testng.reporters.JUnitXMLReporter -->
<testsuite ignored="0" hostname="DESKTOP-GLKVRGN" failures="0" tests="2" name="hometest" time="26.128" errors="0" timestamp="2024-07-11T07:35:17 IST">
  <testcase classname="com.sevenrmatrtsupermarket.tests.HomePageTest" name="verifyDasBoardCardsClickable" time="5.904"/>
  <testcase classname="com.sevenrmatrtsupermarket.tests.HomePageTest" name="verifyDashBoardCardsCategory" time="1.949"/>
</testsuite> <!-- hometest -->
